<?xml version="1.0" encoding="UTF-8"?>
<testsuite name="contactUs.ContactUsTest" tests="10" skipped="0" failures="0" errors="0" timestamp="2021-07-17T22:23:06" hostname="DESKTOP-OUTEJEQ" time="38.888">
  <properties/>
  <testcase name="[1] 0, linazon94@gmail.com, TRJBZJFONBSP, Lorem ipsum, There is 1 error, Please select a subject from the list provided." classname="contactUs.ContactUsTest" time="4.906"/>
  <testcase name="[2] 1, linazon94@gmail.com, TRJBZJFONBSP, Lorem ipsum, Your message has been successfully sent to our team., " classname="contactUs.ContactUsTest" time="4.649"/>
  <testcase name="[3] 2, linazon94@gmail.com, TRJBZJFONBSP, Lorem ipsum, Your message has been successfully sent to our team., " classname="contactUs.ContactUsTest" time="3.855"/>
  <testcase name="[4] 1, , TRJBZJFONBSP, Lorem ipsum, There is 1 error, Invalid email address." classname="contactUs.ContactUsTest" time="3.849"/>
  <testcase name="[5] 1, lina94gmail.com, TRJBZJFONBSP, Lorem ipsum, There is 1 error, Invalid email address." classname="contactUs.ContactUsTest" time="3.651"/>
  <testcase name="[6] 1, lina94@gmail, TRJBZJFONBSP, Lorem ipsum, There is 1 error, Invalid email address." classname="contactUs.ContactUsTest" time="3.656"/>
  <testcase name="[7] 1, lina, TRJBZJFONBSP, Lorem ipsum, There is 1 error, Invalid email address." classname="contactUs.ContactUsTest" time="3.725"/>
  <testcase name="[8] 1, linazon94@gmail.com, , Lorem ipsum, Your message has been successfully sent to our team., " classname="contactUs.ContactUsTest" time="3.824"/>
  <testcase name="[9] 1, linazon94@gmail.com, 75932, Lorem ipsum, Your message has been successfully sent to our team., " classname="contactUs.ContactUsTest" time="3.296"/>
  <testcase name="[10] 1, linazon94@gmail.com, 75932, , There is 1 error, The message cannot be blank." classname="contactUs.ContactUsTest" time="3.455"/>
  <system-out><![CDATA[]]></system-out>
  <system-err><![CDATA[Starting ChromeDriver 91.0.4472.101 (af52a90bf87030dd1523486a1cd3ae25c5d76c9b-refs/branch-heads/4472@{#1462}) on port 34980
Only local connections are allowed.
Please see https://chromedriver.chromium.org/security-considerations for suggestions on keeping ChromeDriver safe.
ChromeDriver was started successfully.
jul. 17, 2021 5:23:02 P. M. org.openqa.selenium.remote.ProtocolHandshake createSession
INFO: Detected dialect: W3C
]]></system-err>
</testsuite>
